<?xml version="1.0" encoding="UTF-8"?>
<testsuites name="CinemaAbyss API Tests" tests="22" time="0.899">
  <testsuite name="Monolith Service / Health Check" id="6b47dca1-36d6-47ea-ad95-746d345787fc" timestamp="2025-11-06T17:26:41.969Z" tests="1" failures="0" errors="0" time="0.044">
    <testcase name="Status code is 200" time="0.044" classname="CinemaAbyssApiTests"/>
  </testsuite>
  <testsuite name="Monolith Service / Get All Users" id="a7d85ce8-bd54-44cb-bbab-5d1a244d7eb7" timestamp="2025-11-06T17:26:41.969Z" tests="2" failures="0" errors="0" time="0.048">
    <testcase name="Status code is 200" time="0.048" classname="CinemaAbyssApiTests"/>
    <testcase name="Response is an array" time="0.048" classname="CinemaAbyssApiTests"/>
  </testsuite>
  <testsuite name="Monolith Service / Create User" id="77b0bf54-3a0e-410b-8726-8d7fd520ac9d" timestamp="2025-11-06T17:26:41.969Z" tests="2" failures="0" errors="0" time="0.024">
    <testcase name="Status code is 201" time="0.024" classname="CinemaAbyssApiTests"/>
    <testcase name="Response has id" time="0.024" classname="CinemaAbyssApiTests"/>
  </testsuite>
  <testsuite name="Monolith Service / Get User by ID" id="d06e55d4-4d22-4945-824d-754e54b31b57" timestamp="2025-11-06T17:26:41.969Z" tests="2" failures="0" errors="0" time="0.016">
    <testcase name="Status code is 200" time="0.016" classname="CinemaAbyssApiTests"/>
    <testcase name="User ID matches" time="0.016" classname="CinemaAbyssApiTests"/>
  </testsuite>
  <testsuite name="Monolith Service / Get All Movies" id="5797d8a1-816f-4765-a961-8335022c5d19" timestamp="2025-11-06T17:26:41.969Z" tests="2" failures="0" errors="0" time="0.022">
    <testcase name="Status code is 200" time="0.022" classname="CinemaAbyssApiTests"/>
    <testcase name="Response is an array" time="0.022" classname="CinemaAbyssApiTests"/>
  </testsuite>
  <testsuite name="Monolith Service / Create Movie" id="b1a0b733-abf5-4af2-acbd-686e7fcb14b7" timestamp="2025-11-06T17:26:41.969Z" tests="2" failures="0" errors="0" time="0.023">
    <testcase name="Status code is 201" time="0.023" classname="CinemaAbyssApiTests"/>
    <testcase name="Response has id" time="0.023" classname="CinemaAbyssApiTests"/>
  </testsuite>
  <testsuite name="Monolith Service / Get Movie by ID" id="8804ec07-05c0-4c34-a8ee-bc46fc1a2066" timestamp="2025-11-06T17:26:41.969Z" tests="2" failures="0" errors="0" time="0.013">
    <testcase name="Status code is 200" time="0.013" classname="CinemaAbyssApiTests"/>
    <testcase name="Movie ID matches" time="0.013" classname="CinemaAbyssApiTests"/>
  </testsuite>
  <testsuite name="Monolith Service / Create Payment" id="0db3701f-3b9d-4e9e-874e-809a3511fa7a" timestamp="2025-11-06T17:26:41.969Z" tests="2" failures="0" errors="0" time="0.015">
    <testcase name="Status code is 201" time="0.015" classname="CinemaAbyssApiTests"/>
    <testcase name="Response has id" time="0.015" classname="CinemaAbyssApiTests"/>
  </testsuite>
  <testsuite name="Monolith Service / Get Payment by ID" id="2af8fa86-4e21-437d-8b64-c73c886525fc" timestamp="2025-11-06T17:26:41.969Z" tests="2" failures="0" errors="0" time="0.011">
    <testcase name="Status code is 200" time="0.011" classname="CinemaAbyssApiTests"/>
    <testcase name="Payment ID matches" time="0.011" classname="CinemaAbyssApiTests"/>
  </testsuite>
  <testsuite name="Monolith Service / Create Subscription" id="89671f2e-ac29-423d-b04d-6f39794a1574" timestamp="2025-11-06T17:26:41.969Z" tests="2" failures="0" errors="0" time="0.009">
    <testcase name="Status code is 201" time="0.009" classname="CinemaAbyssApiTests"/>
    <testcase name="Response has id" time="0.009" classname="CinemaAbyssApiTests"/>
  </testsuite>
  <testsuite name="Monolith Service / Get Subscription by ID" id="3f04effb-2a2c-4f39-9544-cc19768ad2dc" timestamp="2025-11-06T17:26:41.969Z" tests="2" failures="0" errors="0" time="0.032">
    <testcase name="Status code is 200" time="0.032" classname="CinemaAbyssApiTests"/>
    <testcase name="Subscription ID matches" time="0.032" classname="CinemaAbyssApiTests"/>
  </testsuite>
  <testsuite name="Movies Microservice / Health Check" id="2793c0f8-9484-4abf-b3df-8c0d143b264a" timestamp="2025-11-06T17:26:41.969Z" tests="2" failures="0" errors="0" time="0.009">
    <testcase name="Status code is 200" time="0.009" classname="CinemaAbyssApiTests"/>
    <testcase name="Status is true" time="0.009" classname="CinemaAbyssApiTests"/>
  </testsuite>
  <testsuite name="Movies Microservice / Get All Movies" id="9a63430a-6884-44ca-b813-25247e8e952e" timestamp="2025-11-06T17:26:41.969Z" tests="2" failures="0" errors="0" time="0.012">
    <testcase name="Status code is 200" time="0.012" classname="CinemaAbyssApiTests"/>
    <testcase name="Response is an array" time="0.012" classname="CinemaAbyssApiTests"/>
  </testsuite>
  <testsuite name="Movies Microservice / Create Movie" id="1095921f-6e76-45af-9bef-a1cd5306db59" timestamp="2025-11-06T17:26:41.969Z" tests="2" failures="0" errors="0" time="0.015">
    <testcase name="Status code is 201" time="0.015" classname="CinemaAbyssApiTests"/>
    <testcase name="Response has id" time="0.015" classname="CinemaAbyssApiTests"/>
  </testsuite>
  <testsuite name="Movies Microservice / Get Movie by ID" id="e5ce80b2-3420-4605-9177-f4eb82ee69af" timestamp="2025-11-06T17:26:41.969Z" tests="2" failures="0" errors="0" time="0.010">
    <testcase name="Status code is 200" time="0.010" classname="CinemaAbyssApiTests"/>
    <testcase name="Movie ID matches" time="0.010" classname="CinemaAbyssApiTests"/>
  </testsuite>
  <testsuite name="Events Microservice / Health Check" id="b1d0c4de-e5d4-4e0e-ac7d-6333e4734fc0" timestamp="2025-11-06T17:26:41.969Z" tests="2" failures="0" errors="0" time="0.009">
    <testcase name="Status code is 200" time="0.009" classname="CinemaAbyssApiTests"/>
    <testcase name="Status is true" time="0.009" classname="CinemaAbyssApiTests"/>
  </testsuite>
  <testsuite name="Events Microservice / Create Movie Event" id="1d29be41-d55f-4ba8-8c12-3dbc0428ee57" timestamp="2025-11-06T17:26:41.969Z" tests="2" failures="0" errors="0" time="0.468">
    <testcase name="Status code is 201" time="0.468" classname="CinemaAbyssApiTests"/>
    <testcase name="Response has status success" time="0.468" classname="CinemaAbyssApiTests"/>
  </testsuite>
  <testsuite name="Events Microservice / Create User Event" id="78ea00cb-866f-47b2-a935-c5e05be1837a" timestamp="2025-11-06T17:26:41.969Z" tests="2" failures="0" errors="0" time="0.044">
    <testcase name="Status code is 201" time="0.044" classname="CinemaAbyssApiTests"/>
    <testcase name="Response has status success" time="0.044" classname="CinemaAbyssApiTests"/>
  </testsuite>
  <testsuite name="Events Microservice / Create Payment Event" id="4f7a6b42-2bfe-4ac9-bbb3-0d77119a3b1b" timestamp="2025-11-06T17:26:41.969Z" tests="2" failures="0" errors="0" time="0.019">
    <testcase name="Status code is 201" time="0.019" classname="CinemaAbyssApiTests"/>
    <testcase name="Response has status success" time="0.019" classname="CinemaAbyssApiTests"/>
  </testsuite>
  <testsuite name="Proxy Service / Health Check" id="2ffcf3ab-02ff-4155-a1aa-fde5a412befa" timestamp="2025-11-06T17:26:41.969Z" tests="1" failures="0" errors="0" time="0.020">
    <testcase name="Status code is 200" time="0.020" classname="CinemaAbyssApiTests"/>
  </testsuite>
  <testsuite name="Proxy Service / Get All Movies via Proxy" id="aa322457-c1b9-4a3e-ae14-1747385a70ee" timestamp="2025-11-06T17:26:41.969Z" tests="2" failures="0" errors="0" time="0.029">
    <testcase name="Status code is 200" time="0.029" classname="CinemaAbyssApiTests"/>
    <testcase name="Response is an array" time="0.029" classname="CinemaAbyssApiTests"/>
  </testsuite>
  <testsuite name="Proxy Service / Get All Users via Proxy" id="0e3c943f-3880-4be7-a4b9-d04a34f88ccc" timestamp="2025-11-06T17:26:41.969Z" tests="2" failures="0" errors="0" time="0.007">
    <testcase name="Status code is 200" time="0.007" classname="CinemaAbyssApiTests"/>
    <testcase name="Response is an array" time="0.007" classname="CinemaAbyssApiTests"/>
  </testsuite>
</testsuites>